2025-12-07T10:41:57+05:30	trigger=;email
2025-12-07T10:42:14+05:30	trigger=;sig
2025-12-07T10:42:23+05:30	trigger=;shrug
2025-12-07T10:44:27+05:30	trigger=;sig
2025-12-07T10:44:36+05:30	trigger=;shrug
2025-12-07T10:44:44+05:30	trigger=;email
2025-12-07T10:44:56+05:30	trigger=;date
2025-12-07T10:45:06+05:30	trigger=;sig
2025-12-07T10:45:15+05:30	trigger=;shrug
2025-12-07T10:48:40+05:30	trigger=;email
2025-12-07T11:00:33+05:30	trigger=;email
2025-12-07T11:00:38+05:30	trigger=;shrug
2025-12-07T11:02:44+05:30	trigger=;clip
2025-12-07T11:20:44+05:30	trigger=;email
2025-12-07T11:20:48+05:30	trigger=;elina
2025-12-07T11:22:10+05:30	trigger=;email
2025-12-07T11:22:13+05:30	trigger=;date
2025-12-07T11:22:19+05:30	trigger=;sig
2025-12-07T11:22:37+05:30	trigger=;elina
2025-12-07T11:45:30+05:30	trigger=;email
2025-12-07T11:45:34+05:30	trigger=;sig
2025-12-07T11:45:44+05:30	trigger=;phone
2025-12-07T11:45:51+05:30	trigger=;elina
2025-12-07T11:47:05+05:30	trigger=;email
2025-12-07T11:47:10+05:30	trigger=;phone
2025-12-07T11:47:12+05:30	trigger=;sig
2025-12-07T11:47:18+05:30	trigger=;addr
2025-12-07T11:47:26+05:30	trigger=;elina
2025-12-08T10:25:18+05:30	trigger=;email
2025-12-08T10:25:29+05:30	trigger=;elina
2025-12-08T10:25:33+05:30	trigger=;addr
